<?xml version="1.0" encoding="UTF-8"?>
<testExecutions version="1">
  <file path="/Users/abhishekprakash2/Projects/bfhl-wp-cms/src/users/doctor.service.spec.ts">
    <testCase name="DoctorsService getDoctor should return a doctor if found" duration="7">
      <failure message="Error: expect(received).toEqual(expected) // deep equality"><![CDATA[Error: expect(received).toEqual(expected) // deep equality

- Expected  - 202
+ Received  +   8

@@ -1,162 +1,14 @@
  Object {
-   "InstaSpec": null,
-   "InstaSpecFee": null,
-   "awards": Array [],
-   "badges": Array [
-     Object {
-       "type": "Verified Doctors",
-     },
-   ],
-   "bfhl_logo": true,
-   "clinic": Object {
-     "address": Object {
-       "city": "Pune",
-       "country": "India",
-       "line1": "283/1, Porwal Rd, Near Kand Nagar Chowk",
-       "line2": "Kand Nagar, Kutwal Colony, Lohegaon",
-       "locality": "Lohegaon",
-       "location": "73.90968,18.60344",
-       "state": "Maharashtra",
-       "zip_code": "411047",
-     },
-     "logo": "",
-     "name": "Mothers Bliss",
-     "phone_number": "9209382847",
-     "photos": Array [],
-     "timings": Object {
-       "detailed": Array [
-         Object {
-           "day": "Monday",
-           "details": Array [
-             Object {
-               "end": "8:00PM",
-               "start": "6:00PM",
-             },
-             Object {
-               "end": "1:00PM",
-               "start": "11:00AM",
-             },
-           ],
-         },
-         Object {
-           "day": "Tuesday",
-           "details": Array [
-             Object {
-               "end": "8:00PM",
-               "start": "6:00PM",
-             },
-             Object {
-               "end": "1:00PM",
-               "start": "11:00AM",
-             },
-           ],
-         },
-         Object {
-           "day": "Wednesday",
-           "details": Array [
-             Object {
-               "end": "8:00PM",
-               "start": "6:00PM",
-             },
-             Object {
-               "end": "1:00PM",
-               "start": "11:00AM",
-             },
-           ],
-         },
-         Object {
-           "day": "Thursday",
-           "details": Array [
-             Object {
-               "end": "8:00PM",
-               "start": "6:00PM",
-             },
-             Object {
-               "end": "1:00PM",
-               "start": "11:00AM",
-             },
-           ],
-         },
-         Object {
-           "day": "Friday",
-           "details": Array [
-             Object {
-               "end": "8:00PM",
-               "start": "6:00PM",
-             },
-             Object {
-               "end": "1:00PM",
-               "start": "11:00AM",
-             },
-           ],
-         },
-         Object {
-           "day": "Saturday",
-           "details": Array [
-             Object {
-               "end": "8:00PM",
-               "start": "6:00PM",
-             },
-             Object {
-               "end": "1:00PM",
-               "start": "11:00AM",
-             },
-           ],
-         },
-       ],
-       "overview": Object {
-         "end": "08:00PM",
-         "start": "06:00PM",
-       },
-     },
-   },
-   "created_date": 1654518788000,
-   "ctas": Array [
-     Object {
-       "data": Object {
-         "mode_of_payment": "PAY_ONLINE",
+   "avatar": "https://doctorlistingingestionpr.azureedge.net/76681989715114343_c3260444a23711ed9410c677abd75269_doc_profile_image.jpg",
+   "cta": Object {
+     "label": "Book Appointment",
+     "path": "pune/gynaecologist-and-obstetrician/dr-swati-pullewar",
    },
-       "type": "BOOK-IN CLINIC",
-     },
-   ],
-   "display_fees": "₹ 600",
    "display_name": "Dr. Swati Pullewar",
-   "distance": "14 km",
-   "doctorTreatments": Array [],
-   "doctor_id": "76681989715114343",
-   "doctor_introduction": "",
-   "ebh_plus": true,
-   "experience": "12 Years Experience",
-   "fees": 600,
-   "gender": "FEMALE",
-   "healthpay": 1,
-   "id": "122309",
-   "in_clinic": true,
-   "isFar": false,
-   "is_opt_for_listing": true,
-   "is_verified": false,
-   "language_spoken": Array [
-     "English",
-     "हिन्दी",
-     "मराठी",
-   ],
-   "mrn": "2011072542",
-   "name": "Swati Pullewar",
-   "name_initials": "SP",
-   "no_products": false,
-   "no_vouchers": false,
-   "offers": Array [],
-   "online_status": false,
-   "parentSpecialities": Array [
-     Object {
-       "name": "Gynaecologist and Obstetrician",
-     },
-   ],
-   "payee_id": "6311cc6454a853001f0e1764",
-   "photo": "https://doctorlistingingestionpr.azureedge.net/76681989715114343_c3260444a23711ed9410c677abd75269_doc_profile_image.jpg",
-   "prime": false,
+   "doctor_exists": true,
+   "introduction": "",
    "qualifications": Array [
      Object {
        "college": "",
        "degree": "MBBS",
        "degree_type": 1,
@@ -167,54 +19,8 @@
        "degree": "Diploma in Obstetrics and Gynaecology",
        "degree_type": 2,
        "passing_year": "",
      },
    ],
-   "searchtags": Array [],
-   "services": Array [
-     Object {
-       "name": "Diagnosis and treatment",
-     },
-     Object {
-       "name": "Information and advice",
-     },
-     Object {
-       "name": "Health and nutrition advice",
-     },
-     Object {
-       "name": "Prescription of medications",
-     },
-   ],
-   "specialities": Array [
-     Object {
-       "name": "Gynaecologist and Obstetrician",
-     },
-   ],
-   "supplier_id": "76681989918573391",
-   "teleconsultation_fees": "₹ 400",
-   "telemed_fee": 400,
-   "total_consultations": 735,
-   "type_of_service": "OPD",
-   "url_slug": "pune/gynaecologist-and-obstetrician/dr-swati-pullewar",
-   "video_consult": true,
-   "vr_number": "",
-   "with_this_booking": Array [
-     Object {
-       "iconName": "home",
-       "iconUrl": "https://bajajfinservhealth.azureedge.net/png/test/3f917540-a8ac-4eb3-9e59-9aa01e9192a2.png",
-       "subtitle": "Seek personalized medical advice from our wide network of doctors at their clinic",
-       "text": "Inclinic Consultation",
-     },
-     Object {
-       "iconName": "videocam",
-       "iconUrl": "https://bajajfinservhealth.azureedge.net/png/test/c8b02f26-bb42-4fc0-bf06-15a75b23e181.png",
-       "subtitle": "You can seek medical advice right from where you are. The Doctor is also available for video consultations",
-       "text": "Video Consultation",
-     },
-     Object {
-       "iconName": "account-balance-wallet",
-       "iconUrl": "https://bajajfinservhealth.azureedge.net/png/test/0b4c9e55-0ffd-472f-a458-d4e47ad28680.png",
-       "subtitle": "You can pay for your consultation easily via net banking, digital wallets, or debit/credit card",
-       "text": "Online Payment",
-     },
-   ],
+   "slug": "pune/gynaecologist-and-obstetrician/dr-swati-pullewar",
+   "speciality": "Gynaecologist and Obstetrician",
  }
    at Object.<anonymous> (/Users/abhishekprakash2/Projects/bfhl-wp-cms/src/users/doctor.service.spec.ts:270:22)
    at processTicksAndRejections (node:internal/process/task_queues:95:5)]]></failure>
    </testCase>
    <testCase name="DoctorsService getDoctor should throw a NotFoundException if no doctor is found" duration="2"/>
  </file>
  <file path="/Users/abhishekprakash2/Projects/bfhl-wp-cms/src/users/user.service.spec.ts">
    <testCase name="UsersService findOrCreateFromRequest should return existing user if found" duration="10"/>
    <testCase name="UsersService findOrCreateFromRequest should create new user if not found" duration="5"/>
  </file>
  <file path="/Users/abhishekprakash2/Projects/bfhl-wp-cms/src/app.controller.spec.ts">
    <testCase name="AppController should call cacheManager.reset() method and return status true" duration="62"/>
  </file>
  <file path="/Users/abhishekprakash2/Projects/bfhl-wp-cms/src/posts/posts.service.spec.ts">
    <testCase name="PostsService should be defined" duration="20"/>
  </file>
  <file path="/Users/abhishekprakash2/Projects/bfhl-wp-cms/src/categories/categories.controller.spec.ts">
    <testCase name="CategoriesController should be defined" duration="37"/>
  </file>
  <file path="/Users/abhishekprakash2/Projects/bfhl-wp-cms/src/pages/pages.service.spec.ts">
    <testCase name="PagesService should be defined" duration="7"/>
  </file>
  <file path="/Users/abhishekprakash2/Projects/bfhl-wp-cms/src/pages/pages.controller.spec.ts">
    <testCase name="PagesController should be defined" duration="17"/>
  </file>
  <file path="/Users/abhishekprakash2/Projects/bfhl-wp-cms/src/posts/posts.controller.spec.ts">
    <testCase name="PostsController should be defined" duration="16">
      <failure message="Error: Nest can&apos;t resolve dependencies of the PostsService (?, DoctorsService). Please make sure that the argument CacheService at index [0] is available in the RootTestModule context."><![CDATA[Error: Nest can't resolve dependencies of the PostsService (?, DoctorsService). Please make sure that the argument CacheService at index [0] is available in the RootTestModule context.

Potential solutions:
- If CacheService is a provider, is it part of the current RootTestModule?
- If CacheService is exported from a separate @Module, is that module imported within RootTestModule?
  @Module({
    imports: [ /* the Module containing CacheService */ ]
  })

    at TestingInjector.lookupComponentInParentModules (/Users/abhishekprakash2/Projects/bfhl-wp-cms/.yarn/unplugged/@nestjs-core-virtual-37fc02150d/node_modules/@nestjs/core/injector/injector.js:231:19)
    at processTicksAndRejections (node:internal/process/task_queues:95:5)
    at TestingInjector.resolveComponentInstance (/Users/abhishekprakash2/Projects/bfhl-wp-cms/.yarn/unplugged/@nestjs-core-virtual-37fc02150d/node_modules/@nestjs/core/injector/injector.js:184:33)
    at TestingInjector.resolveComponentInstance (/Users/abhishekprakash2/Projects/bfhl-wp-cms/.yarn/__virtual__/@nestjs-testing-virtual-dcc8fffa96/0/cache/@nestjs-testing-npm-8.4.7-7f17bd141b-5514f2638a.zip/node_modules/@nestjs/testing/testing-injector.js:16:45)
    at resolveParam (/Users/abhishekprakash2/Projects/bfhl-wp-cms/.yarn/unplugged/@nestjs-core-virtual-37fc02150d/node_modules/@nestjs/core/injector/injector.js:106:38)
    at async Promise.all (index 0)
    at TestingInjector.resolveConstructorParams (/Users/abhishekprakash2/Projects/bfhl-wp-cms/.yarn/unplugged/@nestjs-core-virtual-37fc02150d/node_modules/@nestjs/core/injector/injector.js:121:27)
    at TestingInjector.loadInstance (/Users/abhishekprakash2/Projects/bfhl-wp-cms/.yarn/unplugged/@nestjs-core-virtual-37fc02150d/node_modules/@nestjs/core/injector/injector.js:52:9)
    at TestingInjector.loadProvider (/Users/abhishekprakash2/Projects/bfhl-wp-cms/.yarn/unplugged/@nestjs-core-virtual-37fc02150d/node_modules/@nestjs/core/injector/injector.js:74:9)
    at async Promise.all (index 3)]]></failure>
    </testCase>
  </file>
</testExecutions>